<?xml version="1.0" encoding="UTF-8"?>
<testsuites>
  <testsuite name="MW/" tests="56" assertions="118" failures="0" errors="0" time="0.190761">
    <testsuite name="MW_Mail_ZendTest" file="/home/nose/Metaways/Arcavias/src/arcavias-core/ext/zend/lib/custom/tests/MW/Mail/ZendTest.php" fullPackage="MW.Mail" tests="2" assertions="3" failures="0" errors="0" time="0.030385">
      <testcase name="testCreateMessage" class="MW_Mail_ZendTest" file="/home/nose/Metaways/Arcavias/src/arcavias-core/ext/zend/lib/custom/tests/MW/Mail/ZendTest.php" line="42" assertions="2" time="0.024660"/>
      <testcase name="testSend" class="MW_Mail_ZendTest" file="/home/nose/Metaways/Arcavias/src/arcavias-core/ext/zend/lib/custom/tests/MW/Mail/ZendTest.php" line="49" assertions="1" time="0.005725"/>
    </testsuite>
    <testsuite name="MW_Mail_Message_ZendTest" file="/home/nose/Metaways/Arcavias/src/arcavias-core/ext/zend/lib/custom/tests/MW/Mail/Message/ZendTest.php" fullPackage="MW.Mail.Message" tests="11" assertions="23" failures="0" errors="0" time="0.027667">
      <testcase name="testAddFrom" class="MW_Mail_Message_ZendTest" file="/home/nose/Metaways/Arcavias/src/arcavias-core/ext/zend/lib/custom/tests/MW/Mail/Message/ZendTest.php" line="42" assertions="2" time="0.003515"/>
      <testcase name="testAddTo" class="MW_Mail_Message_ZendTest" file="/home/nose/Metaways/Arcavias/src/arcavias-core/ext/zend/lib/custom/tests/MW/Mail/Message/ZendTest.php" line="52" assertions="2" time="0.002119"/>
      <testcase name="testAddCc" class="MW_Mail_Message_ZendTest" file="/home/nose/Metaways/Arcavias/src/arcavias-core/ext/zend/lib/custom/tests/MW/Mail/Message/ZendTest.php" line="62" assertions="2" time="0.002217"/>
      <testcase name="testAddBcc" class="MW_Mail_Message_ZendTest" file="/home/nose/Metaways/Arcavias/src/arcavias-core/ext/zend/lib/custom/tests/MW/Mail/Message/ZendTest.php" line="72" assertions="2" time="0.002105"/>
      <testcase name="testAddReplyTo" class="MW_Mail_Message_ZendTest" file="/home/nose/Metaways/Arcavias/src/arcavias-core/ext/zend/lib/custom/tests/MW/Mail/Message/ZendTest.php" line="82" assertions="2" time="0.002152"/>
      <testcase name="testSetSender" class="MW_Mail_Message_ZendTest" file="/home/nose/Metaways/Arcavias/src/arcavias-core/ext/zend/lib/custom/tests/MW/Mail/Message/ZendTest.php" line="92" assertions="2" time="0.002109"/>
      <testcase name="testSetSubject" class="MW_Mail_Message_ZendTest" file="/home/nose/Metaways/Arcavias/src/arcavias-core/ext/zend/lib/custom/tests/MW/Mail/Message/ZendTest.php" line="102" assertions="2" time="0.001594"/>
      <testcase name="testSetBody" class="MW_Mail_Message_ZendTest" file="/home/nose/Metaways/Arcavias/src/arcavias-core/ext/zend/lib/custom/tests/MW/Mail/Message/ZendTest.php" line="112" assertions="2" time="0.001835"/>
      <testcase name="testSetBodyHtml" class="MW_Mail_Message_ZendTest" file="/home/nose/Metaways/Arcavias/src/arcavias-core/ext/zend/lib/custom/tests/MW/Mail/Message/ZendTest.php" line="122" assertions="2" time="0.001859"/>
      <testcase name="testAddAttachment" class="MW_Mail_Message_ZendTest" file="/home/nose/Metaways/Arcavias/src/arcavias-core/ext/zend/lib/custom/tests/MW/Mail/Message/ZendTest.php" line="132" assertions="3" time="0.007002"/>
      <testcase name="testGetObject" class="MW_Mail_Message_ZendTest" file="/home/nose/Metaways/Arcavias/src/arcavias-core/ext/zend/lib/custom/tests/MW/Mail/Message/ZendTest.php" line="148" assertions="2" time="0.001160"/>
    </testsuite>
    <testsuite name="MW_Logger_ZendTest" file="/home/nose/Metaways/Arcavias/src/arcavias-core/ext/zend/lib/custom/tests/MW/Logger/ZendTest.php" fullPackage="MW.Logger" tests="4" assertions="4" failures="0" errors="0" time="0.009992">
      <testcase name="testLog" class="MW_Logger_ZendTest" file="/home/nose/Metaways/Arcavias/src/arcavias-core/ext/zend/lib/custom/tests/MW/Logger/ZendTest.php" line="65" assertions="1" time="0.004790"/>
      <testcase name="testNonScalarLog" class="MW_Logger_ZendTest" file="/home/nose/Metaways/Arcavias/src/arcavias-core/ext/zend/lib/custom/tests/MW/Logger/ZendTest.php" line="71" assertions="1" time="0.001492"/>
      <testcase name="testLogDebug" class="MW_Logger_ZendTest" file="/home/nose/Metaways/Arcavias/src/arcavias-core/ext/zend/lib/custom/tests/MW/Logger/ZendTest.php" line="77" assertions="1" time="0.001658"/>
      <testcase name="testBadPriority" class="MW_Logger_ZendTest" file="/home/nose/Metaways/Arcavias/src/arcavias-core/ext/zend/lib/custom/tests/MW/Logger/ZendTest.php" line="83" assertions="1" time="0.002052"/>
    </testsuite>
    <testsuite name="MW_Config_ZendTest" file="/home/nose/Metaways/Arcavias/src/arcavias-core/ext/zend/lib/custom/tests/MW/Config/ZendTest.php" fullPackage="MW.Config" tests="5" assertions="18" failures="0" errors="0" time="0.016503">
      <testcase name="testGet" class="MW_Config_ZendTest" file="/home/nose/Metaways/Arcavias/src/arcavias-core/ext/zend/lib/custom/tests/MW/Config/ZendTest.php" line="58" assertions="11" time="0.009683"/>
      <testcase name="testGetArray" class="MW_Config_ZendTest" file="/home/nose/Metaways/Arcavias/src/arcavias-core/ext/zend/lib/custom/tests/MW/Config/ZendTest.php" line="93" assertions="2" time="0.002528"/>
      <testcase name="testGetDefault" class="MW_Config_ZendTest" file="/home/nose/Metaways/Arcavias/src/arcavias-core/ext/zend/lib/custom/tests/MW/Config/ZendTest.php" line="115" assertions="1" time="0.001375"/>
      <testcase name="testSet" class="MW_Config_ZendTest" file="/home/nose/Metaways/Arcavias/src/arcavias-core/ext/zend/lib/custom/tests/MW/Config/ZendTest.php" line="120" assertions="3" time="0.001687"/>
      <testcase name="testSetArray" class="MW_Config_ZendTest" file="/home/nose/Metaways/Arcavias/src/arcavias-core/ext/zend/lib/custom/tests/MW/Config/ZendTest.php" line="132" assertions="1" time="0.001230"/>
    </testsuite>
    <testsuite name="MW_Common_Criteria_Expression_Compare_LuceneTest" file="/home/nose/Metaways/Arcavias/src/arcavias-core/ext/zend/lib/custom/tests/MW/Common/Criteria/Expression/Compare/LuceneTest.php" fullPackage="MW.Common.Criteria.Expression.Compare" tests="6" assertions="15" failures="0" errors="0" time="0.032771">
      <testcase name="testCreateFunction" class="MW_Common_Criteria_Expression_Compare_LuceneTest" file="/home/nose/Metaways/Arcavias/src/arcavias-core/ext/zend/lib/custom/tests/MW/Common/Criteria/Expression/Compare/LuceneTest.php" line="32" assertions="1" time="0.001975"/>
      <testcase name="testGetOperators" class="MW_Common_Criteria_Expression_Compare_LuceneTest" file="/home/nose/Metaways/Arcavias/src/arcavias-core/ext/zend/lib/custom/tests/MW/Common/Criteria/Expression/Compare/LuceneTest.php" line="39" assertions="1" time="0.001635"/>
      <testcase name="testGetOperator" class="MW_Common_Criteria_Expression_Compare_LuceneTest" file="/home/nose/Metaways/Arcavias/src/arcavias-core/ext/zend/lib/custom/tests/MW/Common/Criteria/Expression/Compare/LuceneTest.php" line="46" assertions="1" time="0.001043"/>
      <testcase name="testGetName" class="MW_Common_Criteria_Expression_Compare_LuceneTest" file="/home/nose/Metaways/Arcavias/src/arcavias-core/ext/zend/lib/custom/tests/MW/Common/Criteria/Expression/Compare/LuceneTest.php" line="52" assertions="1" time="0.001022"/>
      <testcase name="testGetValue" class="MW_Common_Criteria_Expression_Compare_LuceneTest" file="/home/nose/Metaways/Arcavias/src/arcavias-core/ext/zend/lib/custom/tests/MW/Common/Criteria/Expression/Compare/LuceneTest.php" line="58" assertions="1" time="0.001024"/>
      <testcase name="testToString" class="MW_Common_Criteria_Expression_Compare_LuceneTest" file="/home/nose/Metaways/Arcavias/src/arcavias-core/ext/zend/lib/custom/tests/MW/Common/Criteria/Expression/Compare/LuceneTest.php" line="64" assertions="10" time="0.026072"/>
    </testsuite>
    <testsuite name="MW_Common_Criteria_Expression_Combine_LuceneTest" file="/home/nose/Metaways/Arcavias/src/arcavias-core/ext/zend/lib/custom/tests/MW/Common/Criteria/Expression/Combine/LuceneTest.php" fullPackage="MW.Common.Criteria.Expression.Combine" tests="4" assertions="5" failures="0" errors="0" time="0.005430">
      <testcase name="testGetOperators" class="MW_Common_Criteria_Expression_Combine_LuceneTest" file="/home/nose/Metaways/Arcavias/src/arcavias-core/ext/zend/lib/custom/tests/MW/Common/Criteria/Expression/Combine/LuceneTest.php" line="31" assertions="1" time="0.001567"/>
      <testcase name="testGetOperator" class="MW_Common_Criteria_Expression_Combine_LuceneTest" file="/home/nose/Metaways/Arcavias/src/arcavias-core/ext/zend/lib/custom/tests/MW/Common/Criteria/Expression/Combine/LuceneTest.php" line="38" assertions="1" time="0.001047"/>
      <testcase name="testGetExpressions" class="MW_Common_Criteria_Expression_Combine_LuceneTest" file="/home/nose/Metaways/Arcavias/src/arcavias-core/ext/zend/lib/custom/tests/MW/Common/Criteria/Expression/Combine/LuceneTest.php" line="44" assertions="1" time="0.001003"/>
      <testcase name="testToString" class="MW_Common_Criteria_Expression_Combine_LuceneTest" file="/home/nose/Metaways/Arcavias/src/arcavias-core/ext/zend/lib/custom/tests/MW/Common/Criteria/Expression/Combine/LuceneTest.php" line="50" assertions="2" time="0.001814"/>
    </testsuite>
    <testsuite name="MW_Common_Criteria_Expression_Sort_LuceneTest" file="/home/nose/Metaways/Arcavias/src/arcavias-core/ext/zend/lib/custom/tests/MW/Common/Criteria/Expression/Sort/LuceneTest.php" fullPackage="MW.Common.Criteria.Expression.Sort" tests="4" assertions="5" failures="0" errors="0" time="0.004913">
      <testcase name="testGetOperators" class="MW_Common_Criteria_Expression_Sort_LuceneTest" file="/home/nose/Metaways/Arcavias/src/arcavias-core/ext/zend/lib/custom/tests/MW/Common/Criteria/Expression/Sort/LuceneTest.php" line="31" assertions="1" time="0.001566"/>
      <testcase name="testGetOperator" class="MW_Common_Criteria_Expression_Sort_LuceneTest" file="/home/nose/Metaways/Arcavias/src/arcavias-core/ext/zend/lib/custom/tests/MW/Common/Criteria/Expression/Sort/LuceneTest.php" line="38" assertions="1" time="0.001018"/>
      <testcase name="testGetName" class="MW_Common_Criteria_Expression_Sort_LuceneTest" file="/home/nose/Metaways/Arcavias/src/arcavias-core/ext/zend/lib/custom/tests/MW/Common/Criteria/Expression/Sort/LuceneTest.php" line="44" assertions="1" time="0.001055"/>
      <testcase name="testToString" class="MW_Common_Criteria_Expression_Sort_LuceneTest" file="/home/nose/Metaways/Arcavias/src/arcavias-core/ext/zend/lib/custom/tests/MW/Common/Criteria/Expression/Sort/LuceneTest.php" line="50" assertions="2" time="0.001274"/>
    </testsuite>
    <testsuite name="MW_Common_Criteria_LuceneTest" file="/home/nose/Metaways/Arcavias/src/arcavias-core/ext/zend/lib/custom/tests/MW/Common/Criteria/LuceneTest.php" fullPackage="MW.Common.Criteria" tests="14" assertions="28" failures="0" errors="0" time="0.019457">
      <testcase name="testCreateFunction" class="MW_Common_Criteria_LuceneTest" file="/home/nose/Metaways/Arcavias/src/arcavias-core/ext/zend/lib/custom/tests/MW/Common/Criteria/LuceneTest.php" line="63" assertions="1" time="0.001891"/>
      <testcase name="testGetOperators" class="MW_Common_Criteria_LuceneTest" file="/home/nose/Metaways/Arcavias/src/arcavias-core/ext/zend/lib/custom/tests/MW/Common/Criteria/LuceneTest.php" line="69" assertions="1" time="0.001054"/>
      <testcase name="testCombine" class="MW_Common_Criteria_LuceneTest" file="/home/nose/Metaways/Arcavias/src/arcavias-core/ext/zend/lib/custom/tests/MW/Common/Criteria/LuceneTest.php" line="80" assertions="1" time="0.001048"/>
      <testcase name="testCompare" class="MW_Common_Criteria_LuceneTest" file="/home/nose/Metaways/Arcavias/src/arcavias-core/ext/zend/lib/custom/tests/MW/Common/Criteria/LuceneTest.php" line="85" assertions="1" time="0.001017"/>
      <testcase name="testGetConditionString" class="MW_Common_Criteria_LuceneTest" file="/home/nose/Metaways/Arcavias/src/arcavias-core/ext/zend/lib/custom/tests/MW/Common/Criteria/LuceneTest.php" line="90" assertions="9" time="0.003811"/>
      <testcase name="testGetConditionStringInvalidName" class="MW_Common_Criteria_LuceneTest" file="/home/nose/Metaways/Arcavias/src/arcavias-core/ext/zend/lib/custom/tests/MW/Common/Criteria/LuceneTest.php" line="145" assertions="1" time="0.001572"/>
      <testcase name="testGetConditionStringInvalidOperator" class="MW_Common_Criteria_LuceneTest" file="/home/nose/Metaways/Arcavias/src/arcavias-core/ext/zend/lib/custom/tests/MW/Common/Criteria/LuceneTest.php" line="155" assertions="1" time="0.001100"/>
      <testcase name="testGetConditions" class="MW_Common_Criteria_LuceneTest" file="/home/nose/Metaways/Arcavias/src/arcavias-core/ext/zend/lib/custom/tests/MW/Common/Criteria/LuceneTest.php" line="164" assertions="2" time="0.001150"/>
      <testcase name="testGetSortationString" class="MW_Common_Criteria_LuceneTest" file="/home/nose/Metaways/Arcavias/src/arcavias-core/ext/zend/lib/custom/tests/MW/Common/Criteria/LuceneTest.php" line="173" assertions="1" time="0.001150"/>
      <testcase name="testGetSortationStringInvalidName" class="MW_Common_Criteria_LuceneTest" file="/home/nose/Metaways/Arcavias/src/arcavias-core/ext/zend/lib/custom/tests/MW/Common/Criteria/LuceneTest.php" line="187" assertions="1" time="0.001283"/>
      <testcase name="testGetSortationStringInvalidDirection" class="MW_Common_Criteria_LuceneTest" file="/home/nose/Metaways/Arcavias/src/arcavias-core/ext/zend/lib/custom/tests/MW/Common/Criteria/LuceneTest.php" line="197" assertions="1" time="0.001078"/>
      <testcase name="testGetSortationNoSortation" class="MW_Common_Criteria_LuceneTest" file="/home/nose/Metaways/Arcavias/src/arcavias-core/ext/zend/lib/custom/tests/MW/Common/Criteria/LuceneTest.php" line="209" assertions="2" time="0.001054"/>
      <testcase name="testSortations" class="MW_Common_Criteria_LuceneTest" file="/home/nose/Metaways/Arcavias/src/arcavias-core/ext/zend/lib/custom/tests/MW/Common/Criteria/LuceneTest.php" line="220" assertions="2" time="0.001089"/>
      <testcase name="testSlice" class="MW_Common_Criteria_LuceneTest" file="/home/nose/Metaways/Arcavias/src/arcavias-core/ext/zend/lib/custom/tests/MW/Common/Criteria/LuceneTest.php" line="229" assertions="4" time="0.001160"/>
    </testsuite>
    <testsuite name="MW_Translation_ZendTest" file="/home/nose/Metaways/Arcavias/src/arcavias-core/ext/zend/lib/custom/tests/MW/Translation/ZendTest.php" fullPackage="MW.Translation" tests="6" assertions="17" failures="0" errors="0" time="0.043643">
      <testcase name="testDt" class="MW_Translation_ZendTest" file="/home/nose/Metaways/Arcavias/src/arcavias-core/ext/zend/lib/custom/tests/MW/Translation/ZendTest.php" line="66" assertions="3" time="0.027501"/>
      <testcase name="testDn" class="MW_Translation_ZendTest" file="/home/nose/Metaways/Arcavias/src/arcavias-core/ext/zend/lib/custom/tests/MW/Translation/ZendTest.php" line="75" assertions="8" time="0.004279"/>
      <testcase name="testAdapterGettext" class="MW_Translation_ZendTest" file="/home/nose/Metaways/Arcavias/src/arcavias-core/ext/zend/lib/custom/tests/MW/Translation/ZendTest.php" line="97" assertions="3" time="0.003270"/>
      <testcase name="testDnOverwriteCsv" class="MW_Translation_ZendTest" file="/home/nose/Metaways/Arcavias/src/arcavias-core/ext/zend/lib/custom/tests/MW/Translation/ZendTest.php" line="108" assertions="1" time="0.003086"/>
      <testcase name="testDnOverwriteGettextSingular" class="MW_Translation_ZendTest" file="/home/nose/Metaways/Arcavias/src/arcavias-core/ext/zend/lib/custom/tests/MW/Translation/ZendTest.php" line="125" assertions="1" time="0.002673"/>
      <testcase name="testDnOverwriteGettextPlural" class="MW_Translation_ZendTest" file="/home/nose/Metaways/Arcavias/src/arcavias-core/ext/zend/lib/custom/tests/MW/Translation/ZendTest.php" line="141" assertions="1" time="0.002834"/>
    </testsuite>
  </testsuite>
</testsuites>
